<?xml version="1.0" encoding="UTF-8"?>
<!-- Generated by org.testng.reporters.JUnitXMLReporter -->
<testsuite ignored="0" hostname="LAPTOP-6OB2NVQ5" failures="0" tests="3" name="Default test" time="53.126" errors="0" timestamp="2025-12-28T12:46:17 IST">
  <testcase classname="TestNGBasic.DataProviderTest" name="LoginFormTest" time="9.521"/>
  <testcase classname="TestNGBasic.DataProviderTest" name="LoginFormTest" time="9.531"/>
  <testcase classname="TestNGBasic.DataProviderTest" name="LoginFormTest" time="8.811"/>
</testsuite> <!-- Default test -->
