<?xml version="1.0" encoding="UTF-8"?>
<testng-results ignored="0" total="1" passed="1" failed="0" skipped="0">
  <reporter-output>
  </reporter-output>
  <suite started-at="2026-01-04T12:48:17 IST" name="Seo test" finished-at="2026-01-04T12:48:43 IST" duration-ms="25628">
    <groups>
    </groups>
    <test started-at="2026-01-04T12:48:17 IST" name="perform Broken Valid Links Test and Domain Test and Anchoe tag test" finished-at="2026-01-04T12:48:43 IST" duration-ms="25628">
      <class name="SeoTest.seotest">
        <test-method is-config="true" signature="Setup()[pri:0, instance:SeoTest.seotest@6913c1fb]" started-at="2026-01-04T12:48:11 IST" name="Setup" finished-at="2026-01-04T12:48:17 IST" duration-ms="5910" status="PASS">
          <reporter-output>
          </reporter-output>
        </test-method> <!-- Setup -->
        <test-method is-config="true" signature="setValidation_For_Reports(org.testng.ITestResult)[pri:0, instance:SeoTest.seotest@6913c1fb]" started-at="2026-01-04T12:48:17 IST" name="setValidation_For_Reports" finished-at="2026-01-04T12:48:17 IST" duration-ms="0" status="PASS">
          <params>
            <param index="0">
              <value>
                <![CDATA[[TestResult name={null} status=CREATED method=seotest.Test1()[pri:1, instance:SeoTest.seotest@6913c1fb] output={null}]]]>
              </value>
            </param>
          </params>
          <reporter-output>
          </reporter-output>
        </test-method> <!-- setValidation_For_Reports -->
        <test-method signature="Test1()[pri:1, instance:SeoTest.seotest@6913c1fb]" started-at="2026-01-04T12:48:17 IST" name="Test1" finished-at="2026-01-04T12:48:43 IST" duration-ms="25541" status="PASS">
          <reporter-output>
          </reporter-output>
        </test-method> <!-- Test1 -->
        <test-method is-config="true" signature="TearDown()[pri:0, instance:SeoTest.seotest@6913c1fb]" started-at="2026-01-04T12:48:43 IST" name="TearDown" finished-at="2026-01-04T12:48:43 IST" duration-ms="265" status="PASS">
          <reporter-output>
          </reporter-output>
        </test-method> <!-- TearDown -->
      </class> <!-- SeoTest.seotest -->
    </test> <!-- perform Broken Valid Links Test and Domain Test and Anchoe tag test -->
  </suite> <!-- Seo test -->
</testng-results>
