<?xml version="1.0" encoding="UTF-8"?>
<!-- Generated by org.testng.reporters.JUnitReportReporter -->
<testsuite hostname="LAPTOP-6OB2NVQ5" failures="0" tests="3" name="TestNGBasic.DataProviderTest" time="53.061" errors="0" timestamp="2025-12-28T12:46:17 IST" skipped="0">
  <testcase classname="TestNGBasic.DataProviderTest" name="LoginFormTest" time="17.535"/>
  <testcase classname="TestNGBasic.DataProviderTest" name="LoginFormTest" time="17.944"/>
  <testcase classname="TestNGBasic.DataProviderTest" name="LoginFormTest" time="17.582"/>
</testsuite> <!-- TestNGBasic.DataProviderTest -->
