<?xml version="1.0" encoding="UTF-8"?>
<!-- Generated by org.testng.reporters.JUnitReportReporter -->
<testsuite hostname="LAPTOP-6OB2NVQ5" failures="0" tests="7" name="TestNGBasic.AdavnceTestEngine" time="55.049" errors="0" timestamp="2025-12-28T11:56:27 IST" skipped="0">
  <testcase classname="TestNGBasic.AdavnceTestEngine" name="Setup" time="8.469"/>
  <testcase classname="TestNGBasic.AdavnceTestEngine" name="LoginFormAutomate" time="9.387"/>
  <testcase classname="TestNGBasic.AdavnceTestEngine" name="LoginFormAutomate" time="9.385"/>
  <testcase classname="TestNGBasic.AdavnceTestEngine" name="LoginFormAutomate" time="9.854"/>
  <testcase classname="TestNGBasic.AdavnceTestEngine" name="LoginFormAutomate" time="9.062"/>
  <testcase classname="TestNGBasic.AdavnceTestEngine" name="MouseHoverAutomate" time="4.438"/>
  <testcase classname="TestNGBasic.AdavnceTestEngine" name="SignupformAutomate" time="4.454"/>
</testsuite> <!-- TestNGBasic.AdavnceTestEngine -->
